<component name="libraryTable">
  <library name="junit">
    <CLASSES>
      <root url="jar://D:/Downloads/junit.jar/junit.jar!/" />
    </CLASSES>
    <JAVADOC />
    <SOURCES />
  </library>
</component>